Arguments: 
  /Users/jmlaya/.nvm/versions/node/v8.9.4/bin/node /usr/local/bin/yarn install

PATH: 
  /Users/jmlaya/.nvm/versions/node/v8.9.4/bin:/Users/jmlaya/./Library/Python/3.5/lib/python/site-packages/:/Users/jmlaya/.composer/vendor/bin:/usr/local/opt/php@5.6/bin:/usr/local/git/bin:/sw/bin/:/usr/local/bin:/usr/local/:/usr/local/sbin:/usr/local/mysql/bin:/usr/local/bin:/usr/bin:/bin:/usr/sbin:/sbin:/usr/local/share/dotnet:~/.dotnet/tools:/Library/Frameworks/Mono.framework/Versions/Current/Commands:/Applications/Xamarin Workbooks.app/Contents/SharedSupport/path-bin:/Users/jmlaya/./Library/Python/3.5/lib/python/site-packages/:/Users/jmlaya/.composer/vendor/bin:/usr/local/opt/php@5.6/bin:/usr/local/git/bin:/sw/bin/:/usr/local/:/usr/local/sbin:/usr/local/mysql/bin:/usr/local/bin/:~/.composer/vendor/bin:/Applications/DOSBox.app/Contents/MacOS/:/Users/jmlaya/Library/Python/2.7/bin:/usr/local/bin/:~/.composer/vendor/bin:/Applications/DOSBox.app/Contents/MacOS/:/Users/jmlaya/Library/Python/2.7/bin

Yarn version: 
  0.22.0

Node version: 
  8.9.4

Platform: 
  darwin x64

npm manifest: 
  {
    "name": "mandarina",
    "version": "0.0.5",
    "description": "",
    "main": "build/index.js",
    "types": "build/index.d.ts",
    "author": "",
    "license": "ISC",
    "resolutions": {
      "**/@types/react": "16.7.11",
      "**/graphql": "14.0.2"
    },
    "dependencies": {
      "browser-or-node": "^1.1.0",
      "flat": "^4.1.0",
      "inflection": "^1.12.0",
      "lodash.get": "^4.4.2",
      "lodash.isempty": "^4.4.0",
      "lodash.mapvalues": "^4.6.0",
      "lodash.pull": "^4.1.0",
      "node-yaml": "^3.1.1",
      "lodash.deepclone": "latest"
    },
    "peerDependencies": {
      "apollo-cache": "^1.1.21",
      "apollo-cache-inmemory": "^1.3.11",
      "apollo-client": "^2.4.7",
      "apollo-link-http": "^1.5.7",
      "graphql": "^14.0.2",
      "graphql-tag": "^2.10.0",
      "prisma-binding": "^2.2.8",
      "react": "^16.6.3",
      "react-apollo": "^2.3.2",
      "react-dom": "^16.6.3"
    },
    "devDependencies": {
      "@types/aws-lambda": "^8.10.15",
      "@types/enzyme": "^3.1.15",
      "@types/enzyme-adapter-react-16": "^1.0.3",
      "@types/inflection": "^1.5.28",
      "@types/jest": "^23.3.10",
      "@types/lodash.isempty": "^4.4.4",
      "@types/lodash.mapvalues": "^4.6.4",
      "@types/lodash.pull": "^4.1.4",
      "@types/node": "^10.12.3",
      "@types/react": "^16.7.11",
      "@types/react-dom": "^16.0.9",
      "@types/ws": "^6.0.1",
      "apollo-cache": "^1.1.20",
      "apollo-cache-inmemory": "^1.3.9",
      "apollo-client": "^2.4.5",
      "apollo-link-http": "^1.5.5",
      "babel-core": "^6.26.3",
      "babel-jest": "^23.6.0",
      "enzyme": "^3.7.0",
      "enzyme-adapter-react-16": "^1.6.0",
      "graphql-tag": "^2.10.0",
      "graphql-yoga": "^1.16.7",
      "jest": "^23.6.0",
      "jsdom": "^13.0.0",
      "jsdom-global": "^3.0.2",
      "node-ts": "^2.1.2",
      "prisma-binding": "^2.1.6",
      "react": "^16.6.1",
      "react-apollo": "^2.2.4",
      "react-dom": "^16.6.1",
      "react-test-renderer": "^16.6.1",
      "ts-jest": "^23.10.4",
      "typescript": "^3.1.6",
      "unfetch": "^4.0.1",
      "xmlhttprequest": "^1.8.0"
    },
    "scripts": {
      "init-docker-test": "cd src/test/prisma && eval \"$(docker-machine env default)\" && docker-machine start default",
      "stop-docker-test": "docker-machine stop default",
      "deploy-prisma-test": "cd src/test/prisma && prisma deploy --force flag",
      "playground-test": "prisma playground --port 7000",
      "server-test": "ts-node -O '{\"module\": \"commonjs\"}' src/test/server/server.ts",
      "docker-ip": "docker-machine ip default",
      "docker-mysql-ip": "docker inspect myfw_mysql_1 | grep \"IPAddress\"",
      "postinstall": "tsc"
    },
    "jest": {
      "coverageDirectory": "coverage",
      "testEnvironment": "node",
      "clearMocks": true,
      "transform": {
        "^.+\\.(t|j)sx?$": "ts-jest"
      },
      "testRegex": "(/__tests__/.*|(\\.|/)(test|spec))\\.(jsx?|tsx?)$",
      "moduleFileExtensions": [
        "ts",
        "tsx",
        "js",
        "jsx",
        "json",
        "node"
      ]
    }
  }

yarn manifest: 
  No manifest

Lockfile: 
  No lockfile

Trace: 
  Error: https://registry.yarnpkg.com/lodash.deepclone: Not found
      at Request.params.callback [as _callback] (/usr/local/lib/node_modules/yarn/lib/util/request-manager.js:313:18)
      at Request.self.callback (/usr/local/lib/node_modules/yarn/node_modules/request/request.js:188:22)
      at emitTwo (events.js:126:13)
      at Request.emit (events.js:214:7)
      at Request.<anonymous> (/usr/local/lib/node_modules/yarn/node_modules/request/request.js:1171:10)
      at emitOne (events.js:116:13)
      at Request.emit (events.js:211:7)
      at IncomingMessage.<anonymous> (/usr/local/lib/node_modules/yarn/node_modules/request/request.js:1091:12)
      at Object.onceWrapper (events.js:313:30)
      at emitNone (events.js:111:20)
